CRITICAL - 2023-06-23 13:18:52 --> Undefined variable $title
in APPPATH\Views\layout\header.php on line 9.
 1 APPPATH\Views\layout\header.php(9): CodeIgniter\Debug\Exceptions->errorHandler(2, 'Undefined variable $title', 'C:\\Users\\lenovo\\Documents\\mengoding\\applikasi-kasir\\app\\Views\\layout\\header.php', 9)
 2 SYSTEMPATH\View\View.php(224): include('C:\\Users\\lenovo\\Documents\\mengoding\\applikasi-kasir\\app\\Views\\layout\\header.php')
 3 SYSTEMPATH\View\View.php(227): CodeIgniter\View\View->CodeIgniter\View\{closure}()
 4 SYSTEMPATH\Common.php(1180): CodeIgniter\View\View->render('layout/header', [], true)
 5 APPPATH\Views\welcome_message.php(1): view('layout/header')
 6 SYSTEMPATH\View\View.php(224): include('C:\\Users\\lenovo\\Documents\\mengoding\\applikasi-kasir\\app\\Views\\welcome_message.php')
 7 SYSTEMPATH\View\View.php(227): CodeIgniter\View\View->CodeIgniter\View\{closure}()
 8 SYSTEMPATH\Common.php(1180): CodeIgniter\View\View->render('welcome_message', [], true)
 9 APPPATH\Controllers\Home.php(9): view('welcome_message')
10 SYSTEMPATH\CodeIgniter.php(932): App\Controllers\Home->index()
11 SYSTEMPATH\CodeIgniter.php(497): CodeIgniter\CodeIgniter->runController(Object(App\Controllers\Home))
12 SYSTEMPATH\CodeIgniter.php(366): CodeIgniter\CodeIgniter->handleRequest(null, Object(Config\Cache), false)
13 FCPATH\index.php(67): CodeIgniter\CodeIgniter->run()
14 SYSTEMPATH\Commands\Server\rewrite.php(47): require_once('C:\\Users\\lenovo\\Documents\\mengoding\\applikasi-kasir\\public\\index.php')
INFO - 2023-06-23 13:20:48 --> Session: Class initialized using 'CodeIgniter\Session\Handlers\FileHandler' driver.
INFO - 2023-06-23 13:20:56 --> Session: Class initialized using 'CodeIgniter\Session\Handlers\FileHandler' driver.
INFO - 2023-06-23 13:20:57 --> Session: Class initialized using 'CodeIgniter\Session\Handlers\FileHandler' driver.
INFO - 2023-06-23 13:21:42 --> Session: Class initialized using 'CodeIgniter\Session\Handlers\FileHandler' driver.
INFO - 2023-06-23 13:21:46 --> Session: Class initialized using 'CodeIgniter\Session\Handlers\FileHandler' driver.
INFO - 2023-06-23 13:21:50 --> Session: Class initialized using 'CodeIgniter\Session\Handlers\FileHandler' driver.
INFO - 2023-06-23 13:21:51 --> Session: Class initialized using 'CodeIgniter\Session\Handlers\FileHandler' driver.
INFO - 2023-06-23 13:22:05 --> Session: Class initialized using 'CodeIgniter\Session\Handlers\FileHandler' driver.
INFO - 2023-06-23 13:22:21 --> Session: Class initialized using 'CodeIgniter\Session\Handlers\FileHandler' driver.
INFO - 2023-06-23 13:22:22 --> Session: Class initialized using 'CodeIgniter\Session\Handlers\FileHandler' driver.
INFO - 2023-06-23 13:22:26 --> Session: Class initialized using 'CodeIgniter\Session\Handlers\FileHandler' driver.
INFO - 2023-06-23 13:22:26 --> Session: Class initialized using 'CodeIgniter\Session\Handlers\FileHandler' driver.
INFO - 2023-06-23 13:22:30 --> Session: Class initialized using 'CodeIgniter\Session\Handlers\FileHandler' driver.
INFO - 2023-06-23 13:22:31 --> Session: Class initialized using 'CodeIgniter\Session\Handlers\FileHandler' driver.
INFO - 2023-06-23 13:22:39 --> Session: Class initialized using 'CodeIgniter\Session\Handlers\FileHandler' driver.
INFO - 2023-06-23 13:22:39 --> Session: Class initialized using 'CodeIgniter\Session\Handlers\FileHandler' driver.
INFO - 2023-06-23 13:22:47 --> Session: Class initialized using 'CodeIgniter\Session\Handlers\FileHandler' driver.
INFO - 2023-06-23 13:24:27 --> Session: Class initialized using 'CodeIgniter\Session\Handlers\FileHandler' driver.
INFO - 2023-06-23 13:29:59 --> Session: Class initialized using 'CodeIgniter\Session\Handlers\FileHandler' driver.
INFO - 2023-06-23 13:36:03 --> Session: Class initialized using 'CodeIgniter\Session\Handlers\FileHandler' driver.
CRITICAL - 2023-06-23 13:36:05 --> Undefined variable $satuans
in APPPATH\Views\admin\v_addProduk.php on line 64.
 1 APPPATH\Views\admin\v_addProduk.php(64): CodeIgniter\Debug\Exceptions->errorHandler(2, 'Undefined variable $satuans', 'C:\\Users\\lenovo\\Documents\\mengoding\\applikasi-kasir\\app\\Views\\admin\\v_addProduk.php', 64)
 2 SYSTEMPATH\View\View.php(224): include('C:\\Users\\lenovo\\Documents\\mengoding\\applikasi-kasir\\app\\Views\\admin\\v_addProduk.php')
 3 SYSTEMPATH\View\View.php(227): CodeIgniter\View\View->CodeIgniter\View\{closure}()
 4 SYSTEMPATH\Common.php(1180): CodeIgniter\View\View->render('admin/v_addProduk', [], true)
 5 APPPATH\Controllers\Pegawai.php(34): view('admin/v_addProduk', [...])
 6 SYSTEMPATH\CodeIgniter.php(932): App\Controllers\Pegawai->FormTambahPegawai()
 7 SYSTEMPATH\CodeIgniter.php(497): CodeIgniter\CodeIgniter->runController(Object(App\Controllers\Pegawai))
 8 SYSTEMPATH\CodeIgniter.php(366): CodeIgniter\CodeIgniter->handleRequest(null, Object(Config\Cache), false)
 9 FCPATH\index.php(67): CodeIgniter\CodeIgniter->run()
10 SYSTEMPATH\Commands\Server\rewrite.php(47): require_once('C:\\Users\\lenovo\\Documents\\mengoding\\applikasi-kasir\\public\\index.php')
INFO - 2023-06-23 14:29:04 --> Session: Class initialized using 'CodeIgniter\Session\Handlers\FileHandler' driver.
CRITICAL - 2023-06-23 14:29:04 --> You must set the database table to be used with your query.
in SYSTEMPATH\Database\BaseConnection.php on line 883.
 1 SYSTEMPATH\Model.php(642): CodeIgniter\Database\BaseConnection->table(null)
 2 SYSTEMPATH\Model.php(828): CodeIgniter\Model->builder()
 3 APPPATH\Controllers\Pegawai.php(57): CodeIgniter\Model->__call('addProduk', [...])
 4 SYSTEMPATH\CodeIgniter.php(932): App\Controllers\Pegawai->save()
 5 SYSTEMPATH\CodeIgniter.php(497): CodeIgniter\CodeIgniter->runController(Object(App\Controllers\Pegawai))
 6 SYSTEMPATH\CodeIgniter.php(366): CodeIgniter\CodeIgniter->handleRequest(null, Object(Config\Cache), false)
 7 FCPATH\index.php(67): CodeIgniter\CodeIgniter->run()
 8 SYSTEMPATH\Commands\Server\rewrite.php(47): require_once('C:\\Users\\lenovo\\Documents\\mengoding\\applikasi-kasir\\public\\index.php')
INFO - 2023-06-23 14:30:19 --> Session: Class initialized using 'CodeIgniter\Session\Handlers\FileHandler' driver.
CRITICAL - 2023-06-23 14:30:19 --> You must set the database table to be used with your query.
in SYSTEMPATH\Database\BaseConnection.php on line 883.
 1 SYSTEMPATH\Model.php(642): CodeIgniter\Database\BaseConnection->table(null)
 2 SYSTEMPATH\Model.php(828): CodeIgniter\Model->builder()
 3 APPPATH\Controllers\Pegawai.php(57): CodeIgniter\Model->__call('addProduk', [...])
 4 SYSTEMPATH\CodeIgniter.php(932): App\Controllers\Pegawai->save()
 5 SYSTEMPATH\CodeIgniter.php(497): CodeIgniter\CodeIgniter->runController(Object(App\Controllers\Pegawai))
 6 SYSTEMPATH\CodeIgniter.php(366): CodeIgniter\CodeIgniter->handleRequest(null, Object(Config\Cache), false)
 7 FCPATH\index.php(67): CodeIgniter\CodeIgniter->run()
 8 SYSTEMPATH\Commands\Server\rewrite.php(47): require_once('C:\\Users\\lenovo\\Documents\\mengoding\\applikasi-kasir\\public\\index.php')
INFO - 2023-06-23 14:31:37 --> Session: Class initialized using 'CodeIgniter\Session\Handlers\FileHandler' driver.
ERROR - 2023-06-23 14:31:37 --> mysqli_sql_exception: Unknown column 'tmp_lahr' in 'field list' in C:\Users\lenovo\Documents\mengoding\applikasi-kasir\vendor\codeigniter4\framework\system\Database\MySQLi\Connection.php:295
Stack trace:
#0 C:\Users\lenovo\Documents\mengoding\applikasi-kasir\vendor\codeigniter4\framework\system\Database\MySQLi\Connection.php(295): mysqli->query('INSERT INTO `pe...', 0)
#1 C:\Users\lenovo\Documents\mengoding\applikasi-kasir\vendor\codeigniter4\framework\system\Database\BaseConnection.php(692): CodeIgniter\Database\MySQLi\Connection->execute('INSERT INTO `pe...')
#2 C:\Users\lenovo\Documents\mengoding\applikasi-kasir\vendor\codeigniter4\framework\system\Database\BaseConnection.php(606): CodeIgniter\Database\BaseConnection->simpleQuery('INSERT INTO `pe...')
#3 C:\Users\lenovo\Documents\mengoding\applikasi-kasir\vendor\codeigniter4\framework\system\Database\BaseBuilder.php(2309): CodeIgniter\Database\BaseConnection->query('INSERT INTO `pe...', Array, false)
#4 C:\Users\lenovo\Documents\mengoding\applikasi-kasir\app\Models\ModelPegawai.php(24): CodeIgniter\Database\BaseBuilder->insert(Array)
#5 C:\Users\lenovo\Documents\mengoding\applikasi-kasir\app\Controllers\Pegawai.php(57): App\Models\ModelPegawai->tambahPegawai(Array)
#6 C:\Users\lenovo\Documents\mengoding\applikasi-kasir\vendor\codeigniter4\framework\system\CodeIgniter.php(932): App\Controllers\Pegawai->save()
#7 C:\Users\lenovo\Documents\mengoding\applikasi-kasir\vendor\codeigniter4\framework\system\CodeIgniter.php(497): CodeIgniter\CodeIgniter->runController(Object(App\Controllers\Pegawai))
#8 C:\Users\lenovo\Documents\mengoding\applikasi-kasir\vendor\codeigniter4\framework\system\CodeIgniter.php(366): CodeIgniter\CodeIgniter->handleRequest(NULL, Object(Config\Cache), false)
#9 C:\Users\lenovo\Documents\mengoding\applikasi-kasir\public\index.php(67): CodeIgniter\CodeIgniter->run()
#10 C:\Users\lenovo\Documents\mengoding\applikasi-kasir\vendor\codeigniter4\framework\system\Commands\Server\rewrite.php(47): require_once('C:\\Users\\lenovo...')
#11 {main}
CRITICAL - 2023-06-23 14:31:37 --> Unknown column 'tmp_lahr' in 'field list'
in SYSTEMPATH\Database\MySQLi\Connection.php on line 295.
 1 SYSTEMPATH\Database\MySQLi\Connection.php(295): mysqli->query('INSERT INTO `pegawai` (`id_pegawai`, `nm_pegawai`, `email`, `alamat`, `no_telp`, `jsn_kelamin`, `tgl_lahir`, `tmp_lahr`) VALUES (\'PEG-04\', \'acumalaka\', \'acumalaka@gmail.com\', \'asdads\', \'021874\', \'l\', \'2023-06-24\', \'sadadad\')', 0)
 2 SYSTEMPATH\Database\BaseConnection.php(692): CodeIgniter\Database\MySQLi\Connection->execute('INSERT INTO `pegawai` (`id_pegawai`, `nm_pegawai`, `email`, `alamat`, `no_telp`, `jsn_kelamin`, `tgl_lahir`, `tmp_lahr`) VALUES (\'PEG-04\', \'acumalaka\', \'acumalaka@gmail.com\', \'asdads\', \'021874\', \'l\', \'2023-06-24\', \'sadadad\')')
 3 SYSTEMPATH\Database\BaseConnection.php(606): CodeIgniter\Database\BaseConnection->simpleQuery('INSERT INTO `pegawai` (`id_pegawai`, `nm_pegawai`, `email`, `alamat`, `no_telp`, `jsn_kelamin`, `tgl_lahir`, `tmp_lahr`) VALUES (\'PEG-04\', \'acumalaka\', \'acumalaka@gmail.com\', \'asdads\', \'021874\', \'l\', \'2023-06-24\', \'sadadad\')')
 4 SYSTEMPATH\Database\BaseBuilder.php(2309): CodeIgniter\Database\BaseConnection->query('INSERT INTO `pegawai` (`id_pegawai`, `nm_pegawai`, `email`, `alamat`, `no_telp`, `jsn_kelamin`, `tgl_lahir`, `tmp_lahr`) VALUES (:id_pegawai:, :nm_pegawai:, :email:, :alamat:, :no_telp:, :jsn_kelamin:, :tgl_lahir:, :tmp_lahr:)', [...], false)
 5 APPPATH\Models\ModelPegawai.php(24): CodeIgniter\Database\BaseBuilder->insert([...])
 6 APPPATH\Controllers\Pegawai.php(57): App\Models\ModelPegawai->tambahPegawai([...])
 7 SYSTEMPATH\CodeIgniter.php(932): App\Controllers\Pegawai->save()
 8 SYSTEMPATH\CodeIgniter.php(497): CodeIgniter\CodeIgniter->runController(Object(App\Controllers\Pegawai))
 9 SYSTEMPATH\CodeIgniter.php(366): CodeIgniter\CodeIgniter->handleRequest(null, Object(Config\Cache), false)
10 FCPATH\index.php(67): CodeIgniter\CodeIgniter->run()
11 SYSTEMPATH\Commands\Server\rewrite.php(47): require_once('C:\\Users\\lenovo\\Documents\\mengoding\\applikasi-kasir\\public\\index.php')
INFO - 2023-06-23 14:32:15 --> Session: Class initialized using 'CodeIgniter\Session\Handlers\FileHandler' driver.
ERROR - 2023-06-23 14:32:15 --> mysqli_sql_exception: Unknown column 'usename' in 'field list' in C:\Users\lenovo\Documents\mengoding\applikasi-kasir\vendor\codeigniter4\framework\system\Database\MySQLi\Connection.php:295
Stack trace:
#0 C:\Users\lenovo\Documents\mengoding\applikasi-kasir\vendor\codeigniter4\framework\system\Database\MySQLi\Connection.php(295): mysqli->query('INSERT INTO `us...', 0)
#1 C:\Users\lenovo\Documents\mengoding\applikasi-kasir\vendor\codeigniter4\framework\system\Database\BaseConnection.php(692): CodeIgniter\Database\MySQLi\Connection->execute('INSERT INTO `us...')
#2 C:\Users\lenovo\Documents\mengoding\applikasi-kasir\vendor\codeigniter4\framework\system\Database\BaseConnection.php(606): CodeIgniter\Database\BaseConnection->simpleQuery('INSERT INTO `us...')
#3 C:\Users\lenovo\Documents\mengoding\applikasi-kasir\vendor\codeigniter4\framework\system\Database\BaseBuilder.php(2309): CodeIgniter\Database\BaseConnection->query('INSERT INTO `us...', Array, false)
#4 C:\Users\lenovo\Documents\mengoding\applikasi-kasir\app\Models\ModelPegawai.php(30): CodeIgniter\Database\BaseBuilder->insert(Array)
#5 C:\Users\lenovo\Documents\mengoding\applikasi-kasir\app\Controllers\Pegawai.php(58): App\Models\ModelPegawai->daftarAkun(Array)
#6 C:\Users\lenovo\Documents\mengoding\applikasi-kasir\vendor\codeigniter4\framework\system\CodeIgniter.php(932): App\Controllers\Pegawai->save()
#7 C:\Users\lenovo\Documents\mengoding\applikasi-kasir\vendor\codeigniter4\framework\system\CodeIgniter.php(497): CodeIgniter\CodeIgniter->runController(Object(App\Controllers\Pegawai))
#8 C:\Users\lenovo\Documents\mengoding\applikasi-kasir\vendor\codeigniter4\framework\system\CodeIgniter.php(366): CodeIgniter\CodeIgniter->handleRequest(NULL, Object(Config\Cache), false)
#9 C:\Users\lenovo\Documents\mengoding\applikasi-kasir\public\index.php(67): CodeIgniter\CodeIgniter->run()
#10 C:\Users\lenovo\Documents\mengoding\applikasi-kasir\vendor\codeigniter4\framework\system\Commands\Server\rewrite.php(47): require_once('C:\\Users\\lenovo...')
#11 {main}
CRITICAL - 2023-06-23 14:32:15 --> Unknown column 'usename' in 'field list'
in SYSTEMPATH\Database\MySQLi\Connection.php on line 295.
 1 SYSTEMPATH\Database\MySQLi\Connection.php(295): mysqli->query('INSERT INTO `users` (`id_users`, `id_pegawai`, `usename`, `password`, `roles`) VALUES (\'PEG-04\', \'PEG-04\', \'acumalaka\', \'cepatganti\', \'3\')', 0)
 2 SYSTEMPATH\Database\BaseConnection.php(692): CodeIgniter\Database\MySQLi\Connection->execute('INSERT INTO `users` (`id_users`, `id_pegawai`, `usename`, `password`, `roles`) VALUES (\'PEG-04\', \'PEG-04\', \'acumalaka\', \'cepatganti\', \'3\')')
 3 SYSTEMPATH\Database\BaseConnection.php(606): CodeIgniter\Database\BaseConnection->simpleQuery('INSERT INTO `users` (`id_users`, `id_pegawai`, `usename`, `password`, `roles`) VALUES (\'PEG-04\', \'PEG-04\', \'acumalaka\', \'cepatganti\', \'3\')')
 4 SYSTEMPATH\Database\BaseBuilder.php(2309): CodeIgniter\Database\BaseConnection->query('INSERT INTO `users` (`id_users`, `id_pegawai`, `usename`, `password`, `roles`) VALUES (:id_users:, :id_pegawai:, :usename:, :password:, :roles:)', [...], false)
 5 APPPATH\Models\ModelPegawai.php(30): CodeIgniter\Database\BaseBuilder->insert([...])
 6 APPPATH\Controllers\Pegawai.php(58): App\Models\ModelPegawai->daftarAkun([...])
 7 SYSTEMPATH\CodeIgniter.php(932): App\Controllers\Pegawai->save()
 8 SYSTEMPATH\CodeIgniter.php(497): CodeIgniter\CodeIgniter->runController(Object(App\Controllers\Pegawai))
 9 SYSTEMPATH\CodeIgniter.php(366): CodeIgniter\CodeIgniter->handleRequest(null, Object(Config\Cache), false)
10 FCPATH\index.php(67): CodeIgniter\CodeIgniter->run()
11 SYSTEMPATH\Commands\Server\rewrite.php(47): require_once('C:\\Users\\lenovo\\Documents\\mengoding\\applikasi-kasir\\public\\index.php')
INFO - 2023-06-23 14:32:29 --> Session: Class initialized using 'CodeIgniter\Session\Handlers\FileHandler' driver.
INFO - 2023-06-23 14:33:00 --> Session: Class initialized using 'CodeIgniter\Session\Handlers\FileHandler' driver.
INFO - 2023-06-23 14:33:01 --> Session: Class initialized using 'CodeIgniter\Session\Handlers\FileHandler' driver.
INFO - 2023-06-23 14:34:20 --> Session: Class initialized using 'CodeIgniter\Session\Handlers\FileHandler' driver.
INFO - 2023-06-23 16:17:53 --> Session: Class initialized using 'CodeIgniter\Session\Handlers\FileHandler' driver.
INFO - 2023-06-23 16:17:58 --> Session: Class initialized using 'CodeIgniter\Session\Handlers\FileHandler' driver.
INFO - 2023-06-23 16:18:02 --> Session: Class initialized using 'CodeIgniter\Session\Handlers\FileHandler' driver.
INFO - 2023-06-23 16:18:04 --> Session: Class initialized using 'CodeIgniter\Session\Handlers\FileHandler' driver.
INFO - 2023-06-23 16:18:09 --> Session: Class initialized using 'CodeIgniter\Session\Handlers\FileHandler' driver.
INFO - 2023-06-23 16:18:35 --> Session: Class initialized using 'CodeIgniter\Session\Handlers\FileHandler' driver.
ERROR - 2023-06-23 16:18:35 --> mysqli_sql_exception: Column 'id_produk' cannot be null in C:\Users\lenovo\Documents\mengoding\applikasi-kasir\vendor\codeigniter4\framework\system\Database\MySQLi\Connection.php:295
Stack trace:
#0 C:\Users\lenovo\Documents\mengoding\applikasi-kasir\vendor\codeigniter4\framework\system\Database\MySQLi\Connection.php(295): mysqli->query('INSERT INTO `pr...', 0)
#1 C:\Users\lenovo\Documents\mengoding\applikasi-kasir\vendor\codeigniter4\framework\system\Database\BaseConnection.php(692): CodeIgniter\Database\MySQLi\Connection->execute('INSERT INTO `pr...')
#2 C:\Users\lenovo\Documents\mengoding\applikasi-kasir\vendor\codeigniter4\framework\system\Database\BaseConnection.php(606): CodeIgniter\Database\BaseConnection->simpleQuery('INSERT INTO `pr...')
#3 C:\Users\lenovo\Documents\mengoding\applikasi-kasir\vendor\codeigniter4\framework\system\Database\BaseBuilder.php(2309): CodeIgniter\Database\BaseConnection->query('INSERT INTO `pr...', Array, false)
#4 C:\Users\lenovo\Documents\mengoding\applikasi-kasir\app\Models\ModelProduk.php(29): CodeIgniter\Database\BaseBuilder->insert(Array)
#5 C:\Users\lenovo\Documents\mengoding\applikasi-kasir\app\Controllers\Produk.php(104): App\Models\ModelProduk->addProduk(Array)
#6 C:\Users\lenovo\Documents\mengoding\applikasi-kasir\vendor\codeigniter4\framework\system\CodeIgniter.php(932): App\Controllers\Produk->tambahProduk()
#7 C:\Users\lenovo\Documents\mengoding\applikasi-kasir\vendor\codeigniter4\framework\system\CodeIgniter.php(497): CodeIgniter\CodeIgniter->runController(Object(App\Controllers\Produk))
#8 C:\Users\lenovo\Documents\mengoding\applikasi-kasir\vendor\codeigniter4\framework\system\CodeIgniter.php(366): CodeIgniter\CodeIgniter->handleRequest(NULL, Object(Config\Cache), false)
#9 C:\Users\lenovo\Documents\mengoding\applikasi-kasir\public\index.php(67): CodeIgniter\CodeIgniter->run()
#10 C:\Users\lenovo\Documents\mengoding\applikasi-kasir\vendor\codeigniter4\framework\system\Commands\Server\rewrite.php(47): require_once('C:\\Users\\lenovo...')
#11 {main}
CRITICAL - 2023-06-23 16:18:35 --> Column 'id_produk' cannot be null
in SYSTEMPATH\Database\MySQLi\Connection.php on line 295.
 1 SYSTEMPATH\Database\MySQLi\Connection.php(295): mysqli->query('INSERT INTO `produk` (`id_produk`, `nm_produk`, `id_supplier`, `deskripsi`, `stok`, `id_satuan`, `id_kategori`, `harga_beli`, `harga_jual`) VALUES (NULL, \'ekonomi\', \'1\', \'sabun sabuunan\', \'100\', \'1\', \'1\', \'10000\', \'50000\')', 0)
 2 SYSTEMPATH\Database\BaseConnection.php(692): CodeIgniter\Database\MySQLi\Connection->execute('INSERT INTO `produk` (`id_produk`, `nm_produk`, `id_supplier`, `deskripsi`, `stok`, `id_satuan`, `id_kategori`, `harga_beli`, `harga_jual`) VALUES (NULL, \'ekonomi\', \'1\', \'sabun sabuunan\', \'100\', \'1\', \'1\', \'10000\', \'50000\')')
 3 SYSTEMPATH\Database\BaseConnection.php(606): CodeIgniter\Database\BaseConnection->simpleQuery('INSERT INTO `produk` (`id_produk`, `nm_produk`, `id_supplier`, `deskripsi`, `stok`, `id_satuan`, `id_kategori`, `harga_beli`, `harga_jual`) VALUES (NULL, \'ekonomi\', \'1\', \'sabun sabuunan\', \'100\', \'1\', \'1\', \'10000\', \'50000\')')
 4 SYSTEMPATH\Database\BaseBuilder.php(2309): CodeIgniter\Database\BaseConnection->query('INSERT INTO `produk` (`id_produk`, `nm_produk`, `id_supplier`, `deskripsi`, `stok`, `id_satuan`, `id_kategori`, `harga_beli`, `harga_jual`) VALUES (:id_produk:, :nm_produk:, :id_supplier:, :deskripsi:, :stok:, :id_satuan:, :id_kategori:, :harga_beli:, :harga_jual:)', [...], false)
 5 APPPATH\Models\ModelProduk.php(29): CodeIgniter\Database\BaseBuilder->insert([...])
 6 APPPATH\Controllers\Produk.php(104): App\Models\ModelProduk->addProduk([...])
 7 SYSTEMPATH\CodeIgniter.php(932): App\Controllers\Produk->tambahProduk()
 8 SYSTEMPATH\CodeIgniter.php(497): CodeIgniter\CodeIgniter->runController(Object(App\Controllers\Produk))
 9 SYSTEMPATH\CodeIgniter.php(366): CodeIgniter\CodeIgniter->handleRequest(null, Object(Config\Cache), false)
10 FCPATH\index.php(67): CodeIgniter\CodeIgniter->run()
11 SYSTEMPATH\Commands\Server\rewrite.php(47): require_once('C:\\Users\\lenovo\\Documents\\mengoding\\applikasi-kasir\\public\\index.php')
INFO - 2023-06-23 16:20:22 --> Session: Class initialized using 'CodeIgniter\Session\Handlers\FileHandler' driver.
ERROR - 2023-06-23 16:20:22 --> mysqli_sql_exception: Unknown column 'no_faktur' in 'field list' in C:\Users\lenovo\Documents\mengoding\applikasi-kasir\vendor\codeigniter4\framework\system\Database\MySQLi\Connection.php:295
Stack trace:
#0 C:\Users\lenovo\Documents\mengoding\applikasi-kasir\vendor\codeigniter4\framework\system\Database\MySQLi\Connection.php(295): mysqli->query('INSERT INTO `pr...', 0)
#1 C:\Users\lenovo\Documents\mengoding\applikasi-kasir\vendor\codeigniter4\framework\system\Database\BaseConnection.php(692): CodeIgniter\Database\MySQLi\Connection->execute('INSERT INTO `pr...')
#2 C:\Users\lenovo\Documents\mengoding\applikasi-kasir\vendor\codeigniter4\framework\system\Database\BaseConnection.php(606): CodeIgniter\Database\BaseConnection->simpleQuery('INSERT INTO `pr...')
#3 C:\Users\lenovo\Documents\mengoding\applikasi-kasir\vendor\codeigniter4\framework\system\Database\BaseBuilder.php(2309): CodeIgniter\Database\BaseConnection->query('INSERT INTO `pr...', Array, false)
#4 C:\Users\lenovo\Documents\mengoding\applikasi-kasir\app\Models\ModelBarangMasuk.php(17): CodeIgniter\Database\BaseBuilder->insert(Array)
#5 C:\Users\lenovo\Documents\mengoding\applikasi-kasir\app\Controllers\Produk.php(105): App\Models\ModelBarangMasuk->addDataBarangMasuk(Array)
#6 C:\Users\lenovo\Documents\mengoding\applikasi-kasir\vendor\codeigniter4\framework\system\CodeIgniter.php(932): App\Controllers\Produk->tambahProduk()
#7 C:\Users\lenovo\Documents\mengoding\applikasi-kasir\vendor\codeigniter4\framework\system\CodeIgniter.php(497): CodeIgniter\CodeIgniter->runController(Object(App\Controllers\Produk))
#8 C:\Users\lenovo\Documents\mengoding\applikasi-kasir\vendor\codeigniter4\framework\system\CodeIgniter.php(366): CodeIgniter\CodeIgniter->handleRequest(NULL, Object(Config\Cache), false)
#9 C:\Users\lenovo\Documents\mengoding\applikasi-kasir\public\index.php(67): CodeIgniter\CodeIgniter->run()
#10 C:\Users\lenovo\Documents\mengoding\applikasi-kasir\vendor\codeigniter4\framework\system\Commands\Server\rewrite.php(47): require_once('C:\\Users\\lenovo...')
#11 {main}
CRITICAL - 2023-06-23 16:20:22 --> Unknown column 'no_faktur' in 'field list'
in SYSTEMPATH\Database\MySQLi\Connection.php on line 295.
 1 SYSTEMPATH\Database\MySQLi\Connection.php(295): mysqli->query('INSERT INTO `produk` (`no_faktur`, `id_supplier`, `id_produk`, `tgl_masuk`, `jml_barang`, `id_pegawai`, `harga_beli`) VALUES (47222, \'1\', \'PRO-01\', \'2023-06-23\', \'10\', \'1\', \'4000\')', 0)
 2 SYSTEMPATH\Database\BaseConnection.php(692): CodeIgniter\Database\MySQLi\Connection->execute('INSERT INTO `produk` (`no_faktur`, `id_supplier`, `id_produk`, `tgl_masuk`, `jml_barang`, `id_pegawai`, `harga_beli`) VALUES (47222, \'1\', \'PRO-01\', \'2023-06-23\', \'10\', \'1\', \'4000\')')
 3 SYSTEMPATH\Database\BaseConnection.php(606): CodeIgniter\Database\BaseConnection->simpleQuery('INSERT INTO `produk` (`no_faktur`, `id_supplier`, `id_produk`, `tgl_masuk`, `jml_barang`, `id_pegawai`, `harga_beli`) VALUES (47222, \'1\', \'PRO-01\', \'2023-06-23\', \'10\', \'1\', \'4000\')')
 4 SYSTEMPATH\Database\BaseBuilder.php(2309): CodeIgniter\Database\BaseConnection->query('INSERT INTO `produk` (`no_faktur`, `id_supplier`, `id_produk`, `tgl_masuk`, `jml_barang`, `id_pegawai`, `harga_beli`) VALUES (:no_faktur:, :id_supplier:, :id_produk:, :tgl_masuk:, :jml_barang:, :id_pegawai:, :harga_beli:)', [...], false)
 5 APPPATH\Models\ModelBarangMasuk.php(17): CodeIgniter\Database\BaseBuilder->insert([...])
 6 APPPATH\Controllers\Produk.php(105): App\Models\ModelBarangMasuk->addDataBarangMasuk([...])
 7 SYSTEMPATH\CodeIgniter.php(932): App\Controllers\Produk->tambahProduk()
 8 SYSTEMPATH\CodeIgniter.php(497): CodeIgniter\CodeIgniter->runController(Object(App\Controllers\Produk))
 9 SYSTEMPATH\CodeIgniter.php(366): CodeIgniter\CodeIgniter->handleRequest(null, Object(Config\Cache), false)
10 FCPATH\index.php(67): CodeIgniter\CodeIgniter->run()
11 SYSTEMPATH\Commands\Server\rewrite.php(47): require_once('C:\\Users\\lenovo\\Documents\\mengoding\\applikasi-kasir\\public\\index.php')
INFO - 2023-06-23 16:21:14 --> Session: Class initialized using 'CodeIgniter\Session\Handlers\FileHandler' driver.
ERROR - 2023-06-23 16:21:14 --> mysqli_sql_exception: Duplicate entry 'PRO-01' for key 'produk.PRIMARY' in C:\Users\lenovo\Documents\mengoding\applikasi-kasir\vendor\codeigniter4\framework\system\Database\MySQLi\Connection.php:295
Stack trace:
#0 C:\Users\lenovo\Documents\mengoding\applikasi-kasir\vendor\codeigniter4\framework\system\Database\MySQLi\Connection.php(295): mysqli->query('INSERT INTO `pr...', 0)
#1 C:\Users\lenovo\Documents\mengoding\applikasi-kasir\vendor\codeigniter4\framework\system\Database\BaseConnection.php(692): CodeIgniter\Database\MySQLi\Connection->execute('INSERT INTO `pr...')
#2 C:\Users\lenovo\Documents\mengoding\applikasi-kasir\vendor\codeigniter4\framework\system\Database\BaseConnection.php(606): CodeIgniter\Database\BaseConnection->simpleQuery('INSERT INTO `pr...')
#3 C:\Users\lenovo\Documents\mengoding\applikasi-kasir\vendor\codeigniter4\framework\system\Database\BaseBuilder.php(2309): CodeIgniter\Database\BaseConnection->query('INSERT INTO `pr...', Array, false)
#4 C:\Users\lenovo\Documents\mengoding\applikasi-kasir\app\Models\ModelProduk.php(29): CodeIgniter\Database\BaseBuilder->insert(Array)
#5 C:\Users\lenovo\Documents\mengoding\applikasi-kasir\app\Controllers\Produk.php(104): App\Models\ModelProduk->addProduk(Array)
#6 C:\Users\lenovo\Documents\mengoding\applikasi-kasir\vendor\codeigniter4\framework\system\CodeIgniter.php(932): App\Controllers\Produk->tambahProduk()
#7 C:\Users\lenovo\Documents\mengoding\applikasi-kasir\vendor\codeigniter4\framework\system\CodeIgniter.php(497): CodeIgniter\CodeIgniter->runController(Object(App\Controllers\Produk))
#8 C:\Users\lenovo\Documents\mengoding\applikasi-kasir\vendor\codeigniter4\framework\system\CodeIgniter.php(366): CodeIgniter\CodeIgniter->handleRequest(NULL, Object(Config\Cache), false)
#9 C:\Users\lenovo\Documents\mengoding\applikasi-kasir\public\index.php(67): CodeIgniter\CodeIgniter->run()
#10 C:\Users\lenovo\Documents\mengoding\applikasi-kasir\vendor\codeigniter4\framework\system\Commands\Server\rewrite.php(47): require_once('C:\\Users\\lenovo...')
#11 {main}
CRITICAL - 2023-06-23 16:21:14 --> Duplicate entry 'PRO-01' for key 'produk.PRIMARY'
in SYSTEMPATH\Database\MySQLi\Connection.php on line 295.
 1 SYSTEMPATH\Database\MySQLi\Connection.php(295): mysqli->query('INSERT INTO `produk` (`id_produk`, `nm_produk`, `id_supplier`, `deskripsi`, `stok`, `id_satuan`, `id_kategori`, `harga_beli`, `harga_jual`) VALUES (\'PRO-01\', \'eonomi\', \'1\', \'adhaosdodh\', \'10\', \'1\', \'1\', \'4000\', \'5000\')', 0)
 2 SYSTEMPATH\Database\BaseConnection.php(692): CodeIgniter\Database\MySQLi\Connection->execute('INSERT INTO `produk` (`id_produk`, `nm_produk`, `id_supplier`, `deskripsi`, `stok`, `id_satuan`, `id_kategori`, `harga_beli`, `harga_jual`) VALUES (\'PRO-01\', \'eonomi\', \'1\', \'adhaosdodh\', \'10\', \'1\', \'1\', \'4000\', \'5000\')')
 3 SYSTEMPATH\Database\BaseConnection.php(606): CodeIgniter\Database\BaseConnection->simpleQuery('INSERT INTO `produk` (`id_produk`, `nm_produk`, `id_supplier`, `deskripsi`, `stok`, `id_satuan`, `id_kategori`, `harga_beli`, `harga_jual`) VALUES (\'PRO-01\', \'eonomi\', \'1\', \'adhaosdodh\', \'10\', \'1\', \'1\', \'4000\', \'5000\')')
 4 SYSTEMPATH\Database\BaseBuilder.php(2309): CodeIgniter\Database\BaseConnection->query('INSERT INTO `produk` (`id_produk`, `nm_produk`, `id_supplier`, `deskripsi`, `stok`, `id_satuan`, `id_kategori`, `harga_beli`, `harga_jual`) VALUES (:id_produk:, :nm_produk:, :id_supplier:, :deskripsi:, :stok:, :id_satuan:, :id_kategori:, :harga_beli:, :harga_jual:)', [...], false)
 5 APPPATH\Models\ModelProduk.php(29): CodeIgniter\Database\BaseBuilder->insert([...])
 6 APPPATH\Controllers\Produk.php(104): App\Models\ModelProduk->addProduk([...])
 7 SYSTEMPATH\CodeIgniter.php(932): App\Controllers\Produk->tambahProduk()
 8 SYSTEMPATH\CodeIgniter.php(497): CodeIgniter\CodeIgniter->runController(Object(App\Controllers\Produk))
 9 SYSTEMPATH\CodeIgniter.php(366): CodeIgniter\CodeIgniter->handleRequest(null, Object(Config\Cache), false)
10 FCPATH\index.php(67): CodeIgniter\CodeIgniter->run()
11 SYSTEMPATH\Commands\Server\rewrite.php(47): require_once('C:\\Users\\lenovo\\Documents\\mengoding\\applikasi-kasir\\public\\index.php')
INFO - 2023-06-23 16:21:34 --> Session: Class initialized using 'CodeIgniter\Session\Handlers\FileHandler' driver.
INFO - 2023-06-23 16:21:35 --> Session: Class initialized using 'CodeIgniter\Session\Handlers\FileHandler' driver.
INFO - 2023-06-23 16:21:44 --> Session: Class initialized using 'CodeIgniter\Session\Handlers\FileHandler' driver.
CRITICAL - 2023-06-23 16:21:44 --> Undefined property: stdClass::$stok
in APPPATH\Views\admin\v_barangMasuk.php on line 75.
 1 APPPATH\Views\admin\v_barangMasuk.php(75): CodeIgniter\Debug\Exceptions->errorHandler(2, 'Undefined property: stdClass::$stok', 'C:\\Users\\lenovo\\Documents\\mengoding\\applikasi-kasir\\app\\Views\\admin\\v_barangMasuk.php', 75)
 2 SYSTEMPATH\View\View.php(224): include('C:\\Users\\lenovo\\Documents\\mengoding\\applikasi-kasir\\app\\Views\\admin\\v_barangMasuk.php')
 3 SYSTEMPATH\View\View.php(227): CodeIgniter\View\View->CodeIgniter\View\{closure}()
 4 SYSTEMPATH\Common.php(1180): CodeIgniter\View\View->render('admin/v_barangMasuk', [], true)
 5 APPPATH\Controllers\BarangMasuk.php(21): view('admin/v_barangMasuk', [...])
 6 SYSTEMPATH\CodeIgniter.php(932): App\Controllers\BarangMasuk->index()
 7 SYSTEMPATH\CodeIgniter.php(497): CodeIgniter\CodeIgniter->runController(Object(App\Controllers\BarangMasuk))
 8 SYSTEMPATH\CodeIgniter.php(366): CodeIgniter\CodeIgniter->handleRequest(null, Object(Config\Cache), false)
 9 FCPATH\index.php(67): CodeIgniter\CodeIgniter->run()
10 SYSTEMPATH\Commands\Server\rewrite.php(47): require_once('C:\\Users\\lenovo\\Documents\\mengoding\\applikasi-kasir\\public\\index.php')
INFO - 2023-06-23 16:22:22 --> Session: Class initialized using 'CodeIgniter\Session\Handlers\FileHandler' driver.
INFO - 2023-06-23 16:22:32 --> Session: Class initialized using 'CodeIgniter\Session\Handlers\FileHandler' driver.
CRITICAL - 2023-06-23 16:22:32 --> Undefined property: stdClass::$stok
in APPPATH\Views\admin\v_barangMasuk.php on line 75.
 1 APPPATH\Views\admin\v_barangMasuk.php(75): CodeIgniter\Debug\Exceptions->errorHandler(2, 'Undefined property: stdClass::$stok', 'C:\\Users\\lenovo\\Documents\\mengoding\\applikasi-kasir\\app\\Views\\admin\\v_barangMasuk.php', 75)
 2 SYSTEMPATH\View\View.php(224): include('C:\\Users\\lenovo\\Documents\\mengoding\\applikasi-kasir\\app\\Views\\admin\\v_barangMasuk.php')
 3 SYSTEMPATH\View\View.php(227): CodeIgniter\View\View->CodeIgniter\View\{closure}()
 4 SYSTEMPATH\Common.php(1180): CodeIgniter\View\View->render('admin/v_barangMasuk', [], true)
 5 APPPATH\Controllers\BarangMasuk.php(21): view('admin/v_barangMasuk', [...])
 6 SYSTEMPATH\CodeIgniter.php(932): App\Controllers\BarangMasuk->index()
 7 SYSTEMPATH\CodeIgniter.php(497): CodeIgniter\CodeIgniter->runController(Object(App\Controllers\BarangMasuk))
 8 SYSTEMPATH\CodeIgniter.php(366): CodeIgniter\CodeIgniter->handleRequest(null, Object(Config\Cache), false)
 9 FCPATH\index.php(67): CodeIgniter\CodeIgniter->run()
10 SYSTEMPATH\Commands\Server\rewrite.php(47): require_once('C:\\Users\\lenovo\\Documents\\mengoding\\applikasi-kasir\\public\\index.php')
INFO - 2023-06-23 16:22:34 --> Session: Class initialized using 'CodeIgniter\Session\Handlers\FileHandler' driver.
INFO - 2023-06-23 16:22:41 --> Session: Class initialized using 'CodeIgniter\Session\Handlers\FileHandler' driver.
INFO - 2023-06-23 16:22:46 --> Session: Class initialized using 'CodeIgniter\Session\Handlers\FileHandler' driver.
INFO - 2023-06-23 16:22:46 --> Session: Class initialized using 'CodeIgniter\Session\Handlers\FileHandler' driver.
INFO - 2023-06-23 16:28:24 --> Session: Class initialized using 'CodeIgniter\Session\Handlers\FileHandler' driver.
INFO - 2023-06-23 16:28:36 --> Session: Class initialized using 'CodeIgniter\Session\Handlers\FileHandler' driver.
INFO - 2023-06-23 16:28:45 --> Session: Class initialized using 'CodeIgniter\Session\Handlers\FileHandler' driver.
INFO - 2023-06-23 16:33:54 --> Session: Class initialized using 'CodeIgniter\Session\Handlers\FileHandler' driver.
INFO - 2023-06-23 16:36:20 --> Session: Class initialized using 'CodeIgniter\Session\Handlers\FileHandler' driver.
CRITICAL - 2023-06-23 16:36:20 --> Undefined array key "sessid_user"
in APPPATH\Controllers\BarangMasuk.php on line 16.
 1 APPPATH\Controllers\BarangMasuk.php(16): CodeIgniter\Debug\Exceptions->errorHandler(2, 'Undefined array key "sessid_user"', 'C:\\Users\\lenovo\\Documents\\mengoding\\applikasi-kasir\\app\\Controllers\\BarangMasuk.php', 16)
 2 SYSTEMPATH\CodeIgniter.php(932): App\Controllers\BarangMasuk->index()
 3 SYSTEMPATH\CodeIgniter.php(497): CodeIgniter\CodeIgniter->runController(Object(App\Controllers\BarangMasuk))
 4 SYSTEMPATH\CodeIgniter.php(366): CodeIgniter\CodeIgniter->handleRequest(null, Object(Config\Cache), false)
 5 FCPATH\index.php(67): CodeIgniter\CodeIgniter->run()
 6 SYSTEMPATH\Commands\Server\rewrite.php(47): require_once('C:\\Users\\lenovo\\Documents\\mengoding\\applikasi-kasir\\public\\index.php')
INFO - 2023-06-23 16:36:48 --> Session: Class initialized using 'CodeIgniter\Session\Handlers\FileHandler' driver.
INFO - 2023-06-23 16:37:34 --> Session: Class initialized using 'CodeIgniter\Session\Handlers\FileHandler' driver.
CRITICAL - 2023-06-23 16:37:34 --> Undefined array key "sesid_peg"
in APPPATH\Controllers\BarangMasuk.php on line 16.
 1 APPPATH\Controllers\BarangMasuk.php(16): CodeIgniter\Debug\Exceptions->errorHandler(2, 'Undefined array key "sesid_peg"', 'C:\\Users\\lenovo\\Documents\\mengoding\\applikasi-kasir\\app\\Controllers\\BarangMasuk.php', 16)
 2 SYSTEMPATH\CodeIgniter.php(932): App\Controllers\BarangMasuk->index()
 3 SYSTEMPATH\CodeIgniter.php(497): CodeIgniter\CodeIgniter->runController(Object(App\Controllers\BarangMasuk))
 4 SYSTEMPATH\CodeIgniter.php(366): CodeIgniter\CodeIgniter->handleRequest(null, Object(Config\Cache), false)
 5 FCPATH\index.php(67): CodeIgniter\CodeIgniter->run()
 6 SYSTEMPATH\Commands\Server\rewrite.php(47): require_once('C:\\Users\\lenovo\\Documents\\mengoding\\applikasi-kasir\\public\\index.php')
INFO - 2023-06-23 16:37:51 --> Session: Class initialized using 'CodeIgniter\Session\Handlers\FileHandler' driver.
INFO - 2023-06-23 16:37:53 --> Session: Class initialized using 'CodeIgniter\Session\Handlers\FileHandler' driver.
INFO - 2023-06-23 16:37:56 --> Session: Class initialized using 'CodeIgniter\Session\Handlers\FileHandler' driver.
INFO - 2023-06-23 16:37:56 --> Session: Class initialized using 'CodeIgniter\Session\Handlers\FileHandler' driver.
INFO - 2023-06-23 16:38:00 --> Session: Class initialized using 'CodeIgniter\Session\Handlers\FileHandler' driver.
INFO - 2023-06-23 16:38:00 --> Session: Class initialized using 'CodeIgniter\Session\Handlers\FileHandler' driver.
INFO - 2023-06-23 16:38:03 --> Session: Class initialized using 'CodeIgniter\Session\Handlers\FileHandler' driver.
INFO - 2023-06-23 16:39:53 --> Session: Class initialized using 'CodeIgniter\Session\Handlers\FileHandler' driver.
CRITICAL - 2023-06-23 16:39:53 --> Undefined property: stdClass::$harga_jual
in APPPATH\Views\admin\v_barangMasuk.php on line 97.
 1 APPPATH\Views\admin\v_barangMasuk.php(97): CodeIgniter\Debug\Exceptions->errorHandler(2, 'Undefined property: stdClass::$harga_jual', 'C:\\Users\\lenovo\\Documents\\mengoding\\applikasi-kasir\\app\\Views\\admin\\v_barangMasuk.php', 97)
 2 SYSTEMPATH\View\View.php(224): include('C:\\Users\\lenovo\\Documents\\mengoding\\applikasi-kasir\\app\\Views\\admin\\v_barangMasuk.php')
 3 SYSTEMPATH\View\View.php(227): CodeIgniter\View\View->CodeIgniter\View\{closure}()
 4 SYSTEMPATH\Common.php(1180): CodeIgniter\View\View->render('admin/v_barangMasuk', [], true)
 5 APPPATH\Controllers\BarangMasuk.php(22): view('admin/v_barangMasuk', [...])
 6 SYSTEMPATH\CodeIgniter.php(932): App\Controllers\BarangMasuk->index()
 7 SYSTEMPATH\CodeIgniter.php(497): CodeIgniter\CodeIgniter->runController(Object(App\Controllers\BarangMasuk))
 8 SYSTEMPATH\CodeIgniter.php(366): CodeIgniter\CodeIgniter->handleRequest(null, Object(Config\Cache), false)
 9 FCPATH\index.php(67): CodeIgniter\CodeIgniter->run()
10 SYSTEMPATH\Commands\Server\rewrite.php(47): require_once('C:\\Users\\lenovo\\Documents\\mengoding\\applikasi-kasir\\public\\index.php')
INFO - 2023-06-23 16:40:14 --> Session: Class initialized using 'CodeIgniter\Session\Handlers\FileHandler' driver.
CRITICAL - 2023-06-23 16:40:14 --> Undefined property: stdClass::$id_produk
in APPPATH\Views\admin\v_barangMasuk.php on line 99.
 1 APPPATH\Views\admin\v_barangMasuk.php(99): CodeIgniter\Debug\Exceptions->errorHandler(2, 'Undefined property: stdClass::$id_produk', 'C:\\Users\\lenovo\\Documents\\mengoding\\applikasi-kasir\\app\\Views\\admin\\v_barangMasuk.php', 99)
 2 SYSTEMPATH\View\View.php(224): include('C:\\Users\\lenovo\\Documents\\mengoding\\applikasi-kasir\\app\\Views\\admin\\v_barangMasuk.php')
 3 SYSTEMPATH\View\View.php(227): CodeIgniter\View\View->CodeIgniter\View\{closure}()
 4 SYSTEMPATH\Common.php(1180): CodeIgniter\View\View->render('admin/v_barangMasuk', [], true)
 5 APPPATH\Controllers\BarangMasuk.php(22): view('admin/v_barangMasuk', [...])
 6 SYSTEMPATH\CodeIgniter.php(932): App\Controllers\BarangMasuk->index()
 7 SYSTEMPATH\CodeIgniter.php(497): CodeIgniter\CodeIgniter->runController(Object(App\Controllers\BarangMasuk))
 8 SYSTEMPATH\CodeIgniter.php(366): CodeIgniter\CodeIgniter->handleRequest(null, Object(Config\Cache), false)
 9 FCPATH\index.php(67): CodeIgniter\CodeIgniter->run()
10 SYSTEMPATH\Commands\Server\rewrite.php(47): require_once('C:\\Users\\lenovo\\Documents\\mengoding\\applikasi-kasir\\public\\index.php')
INFO - 2023-06-23 16:40:18 --> Session: Class initialized using 'CodeIgniter\Session\Handlers\FileHandler' driver.
CRITICAL - 2023-06-23 16:40:18 --> Undefined property: stdClass::$id_produk
in APPPATH\Views\admin\v_barangMasuk.php on line 99.
 1 APPPATH\Views\admin\v_barangMasuk.php(99): CodeIgniter\Debug\Exceptions->errorHandler(2, 'Undefined property: stdClass::$id_produk', 'C:\\Users\\lenovo\\Documents\\mengoding\\applikasi-kasir\\app\\Views\\admin\\v_barangMasuk.php', 99)
 2 SYSTEMPATH\View\View.php(224): include('C:\\Users\\lenovo\\Documents\\mengoding\\applikasi-kasir\\app\\Views\\admin\\v_barangMasuk.php')
 3 SYSTEMPATH\View\View.php(227): CodeIgniter\View\View->CodeIgniter\View\{closure}()
 4 SYSTEMPATH\Common.php(1180): CodeIgniter\View\View->render('admin/v_barangMasuk', [], true)
 5 APPPATH\Controllers\BarangMasuk.php(22): view('admin/v_barangMasuk', [...])
 6 SYSTEMPATH\CodeIgniter.php(932): App\Controllers\BarangMasuk->index()
 7 SYSTEMPATH\CodeIgniter.php(497): CodeIgniter\CodeIgniter->runController(Object(App\Controllers\BarangMasuk))
 8 SYSTEMPATH\CodeIgniter.php(366): CodeIgniter\CodeIgniter->handleRequest(null, Object(Config\Cache), false)
 9 FCPATH\index.php(67): CodeIgniter\CodeIgniter->run()
10 SYSTEMPATH\Commands\Server\rewrite.php(47): require_once('C:\\Users\\lenovo\\Documents\\mengoding\\applikasi-kasir\\public\\index.php')
INFO - 2023-06-23 16:40:44 --> Session: Class initialized using 'CodeIgniter\Session\Handlers\FileHandler' driver.
INFO - 2023-06-23 16:41:32 --> Session: Class initialized using 'CodeIgniter\Session\Handlers\FileHandler' driver.
INFO - 2023-06-23 16:41:35 --> Session: Class initialized using 'CodeIgniter\Session\Handlers\FileHandler' driver.
INFO - 2023-06-23 16:41:37 --> Session: Class initialized using 'CodeIgniter\Session\Handlers\FileHandler' driver.
INFO - 2023-06-23 16:41:51 --> Session: Class initialized using 'CodeIgniter\Session\Handlers\FileHandler' driver.
INFO - 2023-06-23 16:42:05 --> Session: Class initialized using 'CodeIgniter\Session\Handlers\FileHandler' driver.
