INFO - 2023-06-22 04:05:18 --> Session: Class initialized using 'CodeIgniter\Session\Handlers\FileHandler' driver.
INFO - 2023-06-22 04:05:24 --> Session: Class initialized using 'CodeIgniter\Session\Handlers\FileHandler' driver.
INFO - 2023-06-22 04:05:44 --> Session: Class initialized using 'CodeIgniter\Session\Handlers\FileHandler' driver.
INFO - 2023-06-22 04:06:17 --> Session: Class initialized using 'CodeIgniter\Session\Handlers\FileHandler' driver.
INFO - 2023-06-22 04:07:02 --> Session: Class initialized using 'CodeIgniter\Session\Handlers\FileHandler' driver.
CRITICAL - 2023-06-22 04:22:00 --> syntax error, unexpected token "}", expecting ";"
in APPPATH\Views\admin\v_detailProduk.php on line 86.
 1 SYSTEMPATH\View\View.php(227): CodeIgniter\View\View->CodeIgniter\View\{closure}()
 2 SYSTEMPATH\Common.php(1180): CodeIgniter\View\View->render('admin/v_detailProduk', [], true)
 3 APPPATH\Controllers\Produk.php(70): view('admin/v_detailProduk', [...])
 4 SYSTEMPATH\CodeIgniter.php(932): App\Controllers\Produk->detailProduk('PRO-02')
 5 SYSTEMPATH\CodeIgniter.php(497): CodeIgniter\CodeIgniter->runController(Object(App\Controllers\Produk))
 6 SYSTEMPATH\CodeIgniter.php(366): CodeIgniter\CodeIgniter->handleRequest(null, Object(Config\Cache), false)
 7 FCPATH\index.php(67): CodeIgniter\CodeIgniter->run()
 8 SYSTEMPATH\Commands\Server\rewrite.php(47): require_once('C:\\Users\\lenovo\\Documents\\mengoding\\applikasi-kasir\\public\\index.php')
CRITICAL - 2023-06-22 04:22:10 --> Undefined variable $id_supplier
in APPPATH\Views\admin\v_detailProduk.php on line 82.
 1 APPPATH\Views\admin\v_detailProduk.php(82): CodeIgniter\Debug\Exceptions->errorHandler(2, 'Undefined variable $id_supplier', 'C:\\Users\\lenovo\\Documents\\mengoding\\applikasi-kasir\\app\\Views\\admin\\v_detailProduk.php', 82)
 2 SYSTEMPATH\View\View.php(224): include('C:\\Users\\lenovo\\Documents\\mengoding\\applikasi-kasir\\app\\Views\\admin\\v_detailProduk.php')
 3 SYSTEMPATH\View\View.php(227): CodeIgniter\View\View->CodeIgniter\View\{closure}()
 4 SYSTEMPATH\Common.php(1180): CodeIgniter\View\View->render('admin/v_detailProduk', [], true)
 5 APPPATH\Controllers\Produk.php(70): view('admin/v_detailProduk', [...])
 6 SYSTEMPATH\CodeIgniter.php(932): App\Controllers\Produk->detailProduk('PRO-02')
 7 SYSTEMPATH\CodeIgniter.php(497): CodeIgniter\CodeIgniter->runController(Object(App\Controllers\Produk))
 8 SYSTEMPATH\CodeIgniter.php(366): CodeIgniter\CodeIgniter->handleRequest(null, Object(Config\Cache), false)
 9 FCPATH\index.php(67): CodeIgniter\CodeIgniter->run()
10 SYSTEMPATH\Commands\Server\rewrite.php(47): require_once('C:\\Users\\lenovo\\Documents\\mengoding\\applikasi-kasir\\public\\index.php')
INFO - 2023-06-22 04:28:49 --> Session: Class initialized using 'CodeIgniter\Session\Handlers\FileHandler' driver.
INFO - 2023-06-22 04:28:49 --> Session: Class initialized using 'CodeIgniter\Session\Handlers\FileHandler' driver.
INFO - 2023-06-22 04:28:58 --> Session: Class initialized using 'CodeIgniter\Session\Handlers\FileHandler' driver.
CRITICAL - 2023-06-22 04:32:29 --> syntax error, unexpected token ","
in APPPATH\Controllers\Produk.php on line 94.
 1 SYSTEMPATH\Router\Router.php(507): CodeIgniter\Router\AutoRouter->getRoute('produk/detailProduk/PRO-01', 'get')
 2 SYSTEMPATH\Router\Router.php(206): CodeIgniter\Router\Router->autoRoute('produk/detailProduk/PRO-01')
 3 SYSTEMPATH\CodeIgniter.php(813): CodeIgniter\Router\Router->handle('produk/detailProduk/PRO-01')
 4 SYSTEMPATH\CodeIgniter.php(447): CodeIgniter\CodeIgniter->tryToRouteIt(Object(CodeIgniter\Router\RouteCollection))
 5 SYSTEMPATH\CodeIgniter.php(366): CodeIgniter\CodeIgniter->handleRequest(null, Object(Config\Cache), false)
 6 FCPATH\index.php(67): CodeIgniter\CodeIgniter->run()
 7 SYSTEMPATH\Commands\Server\rewrite.php(47): require_once('C:\\Users\\lenovo\\Documents\\mengoding\\applikasi-kasir\\public\\index.php')
INFO - 2023-06-22 04:32:55 --> Session: Class initialized using 'CodeIgniter\Session\Handlers\FileHandler' driver.
INFO - 2023-06-22 04:32:55 --> Session: Class initialized using 'CodeIgniter\Session\Handlers\FileHandler' driver.
INFO - 2023-06-22 16:29:00 --> Session: Class initialized using 'CodeIgniter\Session\Handlers\FileHandler' driver.
INFO - 2023-06-22 16:29:16 --> Session: Class initialized using 'CodeIgniter\Session\Handlers\FileHandler' driver.
INFO - 2023-06-22 16:29:29 --> Session: Class initialized using 'CodeIgniter\Session\Handlers\FileHandler' driver.
INFO - 2023-06-22 16:30:54 --> Session: Class initialized using 'CodeIgniter\Session\Handlers\FileHandler' driver.
INFO - 2023-06-22 16:30:56 --> Session: Class initialized using 'CodeIgniter\Session\Handlers\FileHandler' driver.
INFO - 2023-06-22 16:31:00 --> Session: Class initialized using 'CodeIgniter\Session\Handlers\FileHandler' driver.
INFO - 2023-06-22 16:32:35 --> Session: Class initialized using 'CodeIgniter\Session\Handlers\FileHandler' driver.
INFO - 2023-06-22 16:33:13 --> Session: Class initialized using 'CodeIgniter\Session\Handlers\FileHandler' driver.
INFO - 2023-06-22 16:33:36 --> Session: Class initialized using 'CodeIgniter\Session\Handlers\FileHandler' driver.
INFO - 2023-06-22 16:33:42 --> Session: Class initialized using 'CodeIgniter\Session\Handlers\FileHandler' driver.
INFO - 2023-06-22 16:34:17 --> Session: Class initialized using 'CodeIgniter\Session\Handlers\FileHandler' driver.
INFO - 2023-06-22 16:34:38 --> Session: Class initialized using 'CodeIgniter\Session\Handlers\FileHandler' driver.
INFO - 2023-06-22 16:44:50 --> Session: Class initialized using 'CodeIgniter\Session\Handlers\FileHandler' driver.
INFO - 2023-06-22 16:50:28 --> Session: Class initialized using 'CodeIgniter\Session\Handlers\FileHandler' driver.
INFO - 2023-06-22 16:51:10 --> Session: Class initialized using 'CodeIgniter\Session\Handlers\FileHandler' driver.
INFO - 2023-06-22 16:51:36 --> Session: Class initialized using 'CodeIgniter\Session\Handlers\FileHandler' driver.
INFO - 2023-06-22 16:51:39 --> Session: Class initialized using 'CodeIgniter\Session\Handlers\FileHandler' driver.
INFO - 2023-06-22 17:37:58 --> Session: Class initialized using 'CodeIgniter\Session\Handlers\FileHandler' driver.
INFO - 2023-06-22 17:38:22 --> Session: Class initialized using 'CodeIgniter\Session\Handlers\FileHandler' driver.
INFO - 2023-06-22 17:38:27 --> Session: Class initialized using 'CodeIgniter\Session\Handlers\FileHandler' driver.
CRITICAL - 2023-06-22 17:38:27 --> Undefined property: stdClass::$nm_produk
in APPPATH\Views\admin\v_pegawai.php on line 73.
 1 APPPATH\Views\admin\v_pegawai.php(73): CodeIgniter\Debug\Exceptions->errorHandler(2, 'Undefined property: stdClass::$nm_produk', 'C:\\Users\\lenovo\\Documents\\mengoding\\applikasi-kasir\\app\\Views\\admin\\v_pegawai.php', 73)
 2 SYSTEMPATH\View\View.php(224): include('C:\\Users\\lenovo\\Documents\\mengoding\\applikasi-kasir\\app\\Views\\admin\\v_pegawai.php')
 3 SYSTEMPATH\View\View.php(227): CodeIgniter\View\View->CodeIgniter\View\{closure}()
 4 SYSTEMPATH\Common.php(1180): CodeIgniter\View\View->render('admin/v_pegawai', [], true)
 5 APPPATH\Controllers\Pegawai.php(23): view('admin/v_pegawai', [...])
 6 SYSTEMPATH\CodeIgniter.php(932): App\Controllers\Pegawai->index()
 7 SYSTEMPATH\CodeIgniter.php(497): CodeIgniter\CodeIgniter->runController(Object(App\Controllers\Pegawai))
 8 SYSTEMPATH\CodeIgniter.php(366): CodeIgniter\CodeIgniter->handleRequest(null, Object(Config\Cache), false)
 9 FCPATH\index.php(67): CodeIgniter\CodeIgniter->run()
10 SYSTEMPATH\Commands\Server\rewrite.php(47): require_once('C:\\Users\\lenovo\\Documents\\mengoding\\applikasi-kasir\\public\\index.php')
INFO - 2023-06-22 18:05:47 --> Session: Class initialized using 'CodeIgniter\Session\Handlers\FileHandler' driver.
CRITICAL - 2023-06-22 18:05:47 --> Undefined property: stdClass::$jns_kelamin
in APPPATH\Views\admin\v_pegawai.php on line 81.
 1 APPPATH\Views\admin\v_pegawai.php(81): CodeIgniter\Debug\Exceptions->errorHandler(2, 'Undefined property: stdClass::$jns_kelamin', 'C:\\Users\\lenovo\\Documents\\mengoding\\applikasi-kasir\\app\\Views\\admin\\v_pegawai.php', 81)
 2 SYSTEMPATH\View\View.php(224): include('C:\\Users\\lenovo\\Documents\\mengoding\\applikasi-kasir\\app\\Views\\admin\\v_pegawai.php')
 3 SYSTEMPATH\View\View.php(227): CodeIgniter\View\View->CodeIgniter\View\{closure}()
 4 SYSTEMPATH\Common.php(1180): CodeIgniter\View\View->render('admin/v_pegawai', [], true)
 5 APPPATH\Controllers\Pegawai.php(23): view('admin/v_pegawai', [...])
 6 SYSTEMPATH\CodeIgniter.php(932): App\Controllers\Pegawai->index()
 7 SYSTEMPATH\CodeIgniter.php(497): CodeIgniter\CodeIgniter->runController(Object(App\Controllers\Pegawai))
 8 SYSTEMPATH\CodeIgniter.php(366): CodeIgniter\CodeIgniter->handleRequest(null, Object(Config\Cache), false)
 9 FCPATH\index.php(67): CodeIgniter\CodeIgniter->run()
10 SYSTEMPATH\Commands\Server\rewrite.php(47): require_once('C:\\Users\\lenovo\\Documents\\mengoding\\applikasi-kasir\\public\\index.php')
ERROR - 2023-06-22 18:13:43 --> mysqli_sql_exception: Unknown column 'b.jns_kelamin' in 'field list' in C:\Users\lenovo\Documents\mengoding\applikasi-kasir\vendor\codeigniter4\framework\system\Database\MySQLi\Connection.php:295
Stack trace:
#0 C:\Users\lenovo\Documents\mengoding\applikasi-kasir\vendor\codeigniter4\framework\system\Database\MySQLi\Connection.php(295): mysqli->query('SELECT a.id_use...', 0)
#1 C:\Users\lenovo\Documents\mengoding\applikasi-kasir\vendor\codeigniter4\framework\system\Database\BaseConnection.php(692): CodeIgniter\Database\MySQLi\Connection->execute('SELECT a.id_use...')
#2 C:\Users\lenovo\Documents\mengoding\applikasi-kasir\vendor\codeigniter4\framework\system\Database\BaseConnection.php(606): CodeIgniter\Database\BaseConnection->simpleQuery('SELECT a.id_use...')
#3 C:\Users\lenovo\Documents\mengoding\applikasi-kasir\app\Models\ModelPegawai.php(11): CodeIgniter\Database\BaseConnection->query('SELECT a.id_use...')
#4 C:\Users\lenovo\Documents\mengoding\applikasi-kasir\app\Controllers\Pegawai.php(17): App\Models\ModelPegawai->getPegawai()
#5 C:\Users\lenovo\Documents\mengoding\applikasi-kasir\vendor\codeigniter4\framework\system\CodeIgniter.php(932): App\Controllers\Pegawai->index()
#6 C:\Users\lenovo\Documents\mengoding\applikasi-kasir\vendor\codeigniter4\framework\system\CodeIgniter.php(497): CodeIgniter\CodeIgniter->runController(Object(App\Controllers\Pegawai))
#7 C:\Users\lenovo\Documents\mengoding\applikasi-kasir\vendor\codeigniter4\framework\system\CodeIgniter.php(366): CodeIgniter\CodeIgniter->handleRequest(NULL, Object(Config\Cache), false)
#8 C:\Users\lenovo\Documents\mengoding\applikasi-kasir\public\index.php(67): CodeIgniter\CodeIgniter->run()
#9 C:\Users\lenovo\Documents\mengoding\applikasi-kasir\vendor\codeigniter4\framework\system\Commands\Server\rewrite.php(47): require_once('C:\\Users\\lenovo...')
#10 {main}
CRITICAL - 2023-06-22 18:13:43 --> Unknown column 'b.jns_kelamin' in 'field list'
in SYSTEMPATH\Database\MySQLi\Connection.php on line 295.
 1 SYSTEMPATH\Database\MySQLi\Connection.php(295): mysqli->query('SELECT a.id_users,a.id_pegawai,a.roles,b.nm_pegawai,b.email,b.no_telp,b.jns_kelamin,b.tgl_lahir,b.tmp_lahir FROM `users` AS a INNER JOIN pegawai AS b ON b.id_pegawai = a.id_pegawai', 0)
 2 SYSTEMPATH\Database\BaseConnection.php(692): CodeIgniter\Database\MySQLi\Connection->execute('SELECT a.id_users,a.id_pegawai,a.roles,b.nm_pegawai,b.email,b.no_telp,b.jns_kelamin,b.tgl_lahir,b.tmp_lahir FROM `users` AS a INNER JOIN pegawai AS b ON b.id_pegawai = a.id_pegawai')
 3 SYSTEMPATH\Database\BaseConnection.php(606): CodeIgniter\Database\BaseConnection->simpleQuery('SELECT a.id_users,a.id_pegawai,a.roles,b.nm_pegawai,b.email,b.no_telp,b.jns_kelamin,b.tgl_lahir,b.tmp_lahir FROM `users` AS a INNER JOIN pegawai AS b ON b.id_pegawai = a.id_pegawai')
 4 APPPATH\Models\ModelPegawai.php(11): CodeIgniter\Database\BaseConnection->query('SELECT a.id_users,a.id_pegawai,a.roles,b.nm_pegawai,b.email,b.no_telp,b.jns_kelamin,b.tgl_lahir,b.tmp_lahir FROM `users` AS a INNER JOIN pegawai AS b ON b.id_pegawai = a.id_pegawai')
 5 APPPATH\Controllers\Pegawai.php(17): App\Models\ModelPegawai->getPegawai()
 6 SYSTEMPATH\CodeIgniter.php(932): App\Controllers\Pegawai->index()
 7 SYSTEMPATH\CodeIgniter.php(497): CodeIgniter\CodeIgniter->runController(Object(App\Controllers\Pegawai))
 8 SYSTEMPATH\CodeIgniter.php(366): CodeIgniter\CodeIgniter->handleRequest(null, Object(Config\Cache), false)
 9 FCPATH\index.php(67): CodeIgniter\CodeIgniter->run()
10 SYSTEMPATH\Commands\Server\rewrite.php(47): require_once('C:\\Users\\lenovo\\Documents\\mengoding\\applikasi-kasir\\public\\index.php')
INFO - 2023-06-22 18:14:29 --> Session: Class initialized using 'CodeIgniter\Session\Handlers\FileHandler' driver.
CRITICAL - 2023-06-22 18:14:29 --> Undefined property: stdClass::$id_produk
in APPPATH\Views\admin\v_pegawai.php on line 92.
 1 APPPATH\Views\admin\v_pegawai.php(92): CodeIgniter\Debug\Exceptions->errorHandler(2, 'Undefined property: stdClass::$id_produk', 'C:\\Users\\lenovo\\Documents\\mengoding\\applikasi-kasir\\app\\Views\\admin\\v_pegawai.php', 92)
 2 SYSTEMPATH\View\View.php(224): include('C:\\Users\\lenovo\\Documents\\mengoding\\applikasi-kasir\\app\\Views\\admin\\v_pegawai.php')
 3 SYSTEMPATH\View\View.php(227): CodeIgniter\View\View->CodeIgniter\View\{closure}()
 4 SYSTEMPATH\Common.php(1180): CodeIgniter\View\View->render('admin/v_pegawai', [], true)
 5 APPPATH\Controllers\Pegawai.php(23): view('admin/v_pegawai', [...])
 6 SYSTEMPATH\CodeIgniter.php(932): App\Controllers\Pegawai->index()
 7 SYSTEMPATH\CodeIgniter.php(497): CodeIgniter\CodeIgniter->runController(Object(App\Controllers\Pegawai))
 8 SYSTEMPATH\CodeIgniter.php(366): CodeIgniter\CodeIgniter->handleRequest(null, Object(Config\Cache), false)
 9 FCPATH\index.php(67): CodeIgniter\CodeIgniter->run()
10 SYSTEMPATH\Commands\Server\rewrite.php(47): require_once('C:\\Users\\lenovo\\Documents\\mengoding\\applikasi-kasir\\public\\index.php')
INFO - 2023-06-22 18:18:09 --> Session: Class initialized using 'CodeIgniter\Session\Handlers\FileHandler' driver.
INFO - 2023-06-22 18:27:05 --> Session: Class initialized using 'CodeIgniter\Session\Handlers\FileHandler' driver.
INFO - 2023-06-22 18:41:10 --> Session: Class initialized using 'CodeIgniter\Session\Handlers\FileHandler' driver.
INFO - 2023-06-22 18:41:27 --> Session: Class initialized using 'CodeIgniter\Session\Handlers\FileHandler' driver.
INFO - 2023-06-22 18:44:18 --> Session: Class initialized using 'CodeIgniter\Session\Handlers\FileHandler' driver.
INFO - 2023-06-22 18:44:42 --> Session: Class initialized using 'CodeIgniter\Session\Handlers\FileHandler' driver.
INFO - 2023-06-22 18:44:50 --> Session: Class initialized using 'CodeIgniter\Session\Handlers\FileHandler' driver.
INFO - 2023-06-22 18:45:00 --> Session: Class initialized using 'CodeIgniter\Session\Handlers\FileHandler' driver.
INFO - 2023-06-22 18:45:19 --> Session: Class initialized using 'CodeIgniter\Session\Handlers\FileHandler' driver.
INFO - 2023-06-22 18:45:42 --> Session: Class initialized using 'CodeIgniter\Session\Handlers\FileHandler' driver.
INFO - 2023-06-22 18:46:02 --> Session: Class initialized using 'CodeIgniter\Session\Handlers\FileHandler' driver.
INFO - 2023-06-22 18:46:34 --> Session: Class initialized using 'CodeIgniter\Session\Handlers\FileHandler' driver.
