CRITICAL - 2023-06-19 12:57:52 --> Invalid file: "layout/header.php"
in SYSTEMPATH\Exceptions\FrameworkException.php on line 33.
 1 SYSTEMPATH\View\View.php(212): CodeIgniter\Exceptions\FrameworkException::forInvalidFile('layout/header.php')
 2 SYSTEMPATH\Common.php(1180): CodeIgniter\View\View->render('layout/header', [], true)
 3 APPPATH\Views\welcome_message.php(1): view('layout/header')
 4 SYSTEMPATH\View\View.php(224): include('C:\\Users\\lenovo\\Documents\\mengoding\\applikasi-kasir\\app\\Views\\welcome_message.php')
 5 SYSTEMPATH\View\View.php(227): CodeIgniter\View\View->CodeIgniter\View\{closure}()
 6 SYSTEMPATH\Common.php(1180): CodeIgniter\View\View->render('welcome_message', [], true)
 7 APPPATH\Controllers\Home.php(9): view('welcome_message')
 8 SYSTEMPATH\CodeIgniter.php(932): App\Controllers\Home->index()
 9 SYSTEMPATH\CodeIgniter.php(497): CodeIgniter\CodeIgniter->runController(Object(App\Controllers\Home))
10 SYSTEMPATH\CodeIgniter.php(366): CodeIgniter\CodeIgniter->handleRequest(null, Object(Config\Cache), false)
11 FCPATH\index.php(67): CodeIgniter\CodeIgniter->run()
12 SYSTEMPATH\Commands\Server\rewrite.php(47): require_once('C:\\Users\\lenovo\\Documents\\mengoding\\applikasi-kasir\\public\\index.php')
INFO - 2023-06-19 12:58:10 --> Session: Class initialized using 'CodeIgniter\Session\Handlers\FileHandler' driver.
INFO - 2023-06-19 12:58:13 --> Session: Class initialized using 'CodeIgniter\Session\Handlers\FileHandler' driver.
CRITICAL - 2023-06-19 13:00:51 --> Undefined variable $idUser
in APPPATH\Views\layout\header.php on line 71.
 1 APPPATH\Views\layout\header.php(71): CodeIgniter\Debug\Exceptions->errorHandler(2, 'Undefined variable $idUser', 'C:\\Users\\lenovo\\Documents\\mengoding\\applikasi-kasir\\app\\Views\\layout\\header.php', 71)
 2 SYSTEMPATH\View\View.php(224): include('C:\\Users\\lenovo\\Documents\\mengoding\\applikasi-kasir\\app\\Views\\layout\\header.php')
 3 SYSTEMPATH\View\View.php(227): CodeIgniter\View\View->CodeIgniter\View\{closure}()
 4 SYSTEMPATH\Common.php(1180): CodeIgniter\View\View->render('layout/header', [], true)
 5 APPPATH\Views\welcome_message.php(1): view('layout/header')
 6 SYSTEMPATH\View\View.php(224): include('C:\\Users\\lenovo\\Documents\\mengoding\\applikasi-kasir\\app\\Views\\welcome_message.php')
 7 SYSTEMPATH\View\View.php(227): CodeIgniter\View\View->CodeIgniter\View\{closure}()
 8 SYSTEMPATH\Common.php(1180): CodeIgniter\View\View->render('welcome_message', [], true)
 9 APPPATH\Controllers\Home.php(9): view('welcome_message')
10 SYSTEMPATH\CodeIgniter.php(932): App\Controllers\Home->index()
11 SYSTEMPATH\CodeIgniter.php(497): CodeIgniter\CodeIgniter->runController(Object(App\Controllers\Home))
12 SYSTEMPATH\CodeIgniter.php(366): CodeIgniter\CodeIgniter->handleRequest(null, Object(Config\Cache), false)
13 FCPATH\index.php(67): CodeIgniter\CodeIgniter->run()
14 SYSTEMPATH\Commands\Server\rewrite.php(47): require_once('C:\\Users\\lenovo\\Documents\\mengoding\\applikasi-kasir\\public\\index.php')
CRITICAL - 2023-06-19 13:01:59 --> Undefined variable $level
in APPPATH\Views\layout\header.php on line 125.
 1 APPPATH\Views\layout\header.php(125): CodeIgniter\Debug\Exceptions->errorHandler(2, 'Undefined variable $level', 'C:\\Users\\lenovo\\Documents\\mengoding\\applikasi-kasir\\app\\Views\\layout\\header.php', 125)
 2 SYSTEMPATH\View\View.php(224): include('C:\\Users\\lenovo\\Documents\\mengoding\\applikasi-kasir\\app\\Views\\layout\\header.php')
 3 SYSTEMPATH\View\View.php(227): CodeIgniter\View\View->CodeIgniter\View\{closure}()
 4 SYSTEMPATH\Common.php(1180): CodeIgniter\View\View->render('layout/header', [], true)
 5 APPPATH\Views\welcome_message.php(1): view('layout/header')
 6 SYSTEMPATH\View\View.php(224): include('C:\\Users\\lenovo\\Documents\\mengoding\\applikasi-kasir\\app\\Views\\welcome_message.php')
 7 SYSTEMPATH\View\View.php(227): CodeIgniter\View\View->CodeIgniter\View\{closure}()
 8 SYSTEMPATH\Common.php(1180): CodeIgniter\View\View->render('welcome_message', [], true)
 9 APPPATH\Controllers\Home.php(9): view('welcome_message')
10 SYSTEMPATH\CodeIgniter.php(932): App\Controllers\Home->index()
11 SYSTEMPATH\CodeIgniter.php(497): CodeIgniter\CodeIgniter->runController(Object(App\Controllers\Home))
12 SYSTEMPATH\CodeIgniter.php(366): CodeIgniter\CodeIgniter->handleRequest(null, Object(Config\Cache), false)
13 FCPATH\index.php(67): CodeIgniter\CodeIgniter->run()
14 SYSTEMPATH\Commands\Server\rewrite.php(47): require_once('C:\\Users\\lenovo\\Documents\\mengoding\\applikasi-kasir\\public\\index.php')
INFO - 2023-06-19 13:04:40 --> Session: Class initialized using 'CodeIgniter\Session\Handlers\FileHandler' driver.
INFO - 2023-06-19 13:04:47 --> Session: Class initialized using 'CodeIgniter\Session\Handlers\FileHandler' driver.
INFO - 2023-06-19 13:05:36 --> Session: Class initialized using 'CodeIgniter\Session\Handlers\FileHandler' driver.
