INFO - 2023-06-21 16:52:03 --> Session: Class initialized using 'CodeIgniter\Session\Handlers\FileHandler' driver.
INFO - 2023-06-21 16:52:49 --> Session: Class initialized using 'CodeIgniter\Session\Handlers\FileHandler' driver.
INFO - 2023-06-21 16:52:53 --> Session: Class initialized using 'CodeIgniter\Session\Handlers\FileHandler' driver.
CRITICAL - 2023-06-21 16:52:53 --> Undefined property: stdClass::$username
in APPPATH\Views\admin\v_produk.php on line 73.
 1 APPPATH\Views\admin\v_produk.php(73): CodeIgniter\Debug\Exceptions->errorHandler(2, 'Undefined property: stdClass::$username', 'C:\\Users\\lenovo\\Documents\\mengoding\\applikasi-kasir\\app\\Views\\admin\\v_produk.php', 73)
 2 SYSTEMPATH\View\View.php(224): include('C:\\Users\\lenovo\\Documents\\mengoding\\applikasi-kasir\\app\\Views\\admin\\v_produk.php')
 3 SYSTEMPATH\View\View.php(227): CodeIgniter\View\View->CodeIgniter\View\{closure}()
 4 SYSTEMPATH\Common.php(1180): CodeIgniter\View\View->render('admin/v_produk', [], true)
 5 APPPATH\Controllers\Produk.php(22): view('admin/v_produk', [...])
 6 SYSTEMPATH\CodeIgniter.php(932): App\Controllers\Produk->index()
 7 SYSTEMPATH\CodeIgniter.php(497): CodeIgniter\CodeIgniter->runController(Object(App\Controllers\Produk))
 8 SYSTEMPATH\CodeIgniter.php(366): CodeIgniter\CodeIgniter->handleRequest(null, Object(Config\Cache), false)
 9 FCPATH\index.php(67): CodeIgniter\CodeIgniter->run()
10 SYSTEMPATH\Commands\Server\rewrite.php(47): require_once('C:\\Users\\lenovo\\Documents\\mengoding\\applikasi-kasir\\public\\index.php')
INFO - 2023-06-21 16:54:48 --> Session: Class initialized using 'CodeIgniter\Session\Handlers\FileHandler' driver.
CRITICAL - 2023-06-21 16:54:48 --> Undefined property: stdClass::$satuan
in APPPATH\Views\admin\v_produk.php on line 79.
 1 APPPATH\Views\admin\v_produk.php(79): CodeIgniter\Debug\Exceptions->errorHandler(2, 'Undefined property: stdClass::$satuan', 'C:\\Users\\lenovo\\Documents\\mengoding\\applikasi-kasir\\app\\Views\\admin\\v_produk.php', 79)
 2 SYSTEMPATH\View\View.php(224): include('C:\\Users\\lenovo\\Documents\\mengoding\\applikasi-kasir\\app\\Views\\admin\\v_produk.php')
 3 SYSTEMPATH\View\View.php(227): CodeIgniter\View\View->CodeIgniter\View\{closure}()
 4 SYSTEMPATH\Common.php(1180): CodeIgniter\View\View->render('admin/v_produk', [], true)
 5 APPPATH\Controllers\Produk.php(22): view('admin/v_produk', [...])
 6 SYSTEMPATH\CodeIgniter.php(932): App\Controllers\Produk->index()
 7 SYSTEMPATH\CodeIgniter.php(497): CodeIgniter\CodeIgniter->runController(Object(App\Controllers\Produk))
 8 SYSTEMPATH\CodeIgniter.php(366): CodeIgniter\CodeIgniter->handleRequest(null, Object(Config\Cache), false)
 9 FCPATH\index.php(67): CodeIgniter\CodeIgniter->run()
10 SYSTEMPATH\Commands\Server\rewrite.php(47): require_once('C:\\Users\\lenovo\\Documents\\mengoding\\applikasi-kasir\\public\\index.php')
INFO - 2023-06-21 16:55:01 --> Session: Class initialized using 'CodeIgniter\Session\Handlers\FileHandler' driver.
CRITICAL - 2023-06-21 16:55:01 --> Undefined property: stdClass::$kategori
in APPPATH\Views\admin\v_produk.php on line 82.
 1 APPPATH\Views\admin\v_produk.php(82): CodeIgniter\Debug\Exceptions->errorHandler(2, 'Undefined property: stdClass::$kategori', 'C:\\Users\\lenovo\\Documents\\mengoding\\applikasi-kasir\\app\\Views\\admin\\v_produk.php', 82)
 2 SYSTEMPATH\View\View.php(224): include('C:\\Users\\lenovo\\Documents\\mengoding\\applikasi-kasir\\app\\Views\\admin\\v_produk.php')
 3 SYSTEMPATH\View\View.php(227): CodeIgniter\View\View->CodeIgniter\View\{closure}()
 4 SYSTEMPATH\Common.php(1180): CodeIgniter\View\View->render('admin/v_produk', [], true)
 5 APPPATH\Controllers\Produk.php(22): view('admin/v_produk', [...])
 6 SYSTEMPATH\CodeIgniter.php(932): App\Controllers\Produk->index()
 7 SYSTEMPATH\CodeIgniter.php(497): CodeIgniter\CodeIgniter->runController(Object(App\Controllers\Produk))
 8 SYSTEMPATH\CodeIgniter.php(366): CodeIgniter\CodeIgniter->handleRequest(null, Object(Config\Cache), false)
 9 FCPATH\index.php(67): CodeIgniter\CodeIgniter->run()
10 SYSTEMPATH\Commands\Server\rewrite.php(47): require_once('C:\\Users\\lenovo\\Documents\\mengoding\\applikasi-kasir\\public\\index.php')
INFO - 2023-06-21 16:55:07 --> Session: Class initialized using 'CodeIgniter\Session\Handlers\FileHandler' driver.
CRITICAL - 2023-06-21 16:55:07 --> Undefined property: stdClass::$nm_kategori
in APPPATH\Views\admin\v_produk.php on line 82.
 1 APPPATH\Views\admin\v_produk.php(82): CodeIgniter\Debug\Exceptions->errorHandler(2, 'Undefined property: stdClass::$nm_kategori', 'C:\\Users\\lenovo\\Documents\\mengoding\\applikasi-kasir\\app\\Views\\admin\\v_produk.php', 82)
 2 SYSTEMPATH\View\View.php(224): include('C:\\Users\\lenovo\\Documents\\mengoding\\applikasi-kasir\\app\\Views\\admin\\v_produk.php')
 3 SYSTEMPATH\View\View.php(227): CodeIgniter\View\View->CodeIgniter\View\{closure}()
 4 SYSTEMPATH\Common.php(1180): CodeIgniter\View\View->render('admin/v_produk', [], true)
 5 APPPATH\Controllers\Produk.php(22): view('admin/v_produk', [...])
 6 SYSTEMPATH\CodeIgniter.php(932): App\Controllers\Produk->index()
 7 SYSTEMPATH\CodeIgniter.php(497): CodeIgniter\CodeIgniter->runController(Object(App\Controllers\Produk))
 8 SYSTEMPATH\CodeIgniter.php(366): CodeIgniter\CodeIgniter->handleRequest(null, Object(Config\Cache), false)
 9 FCPATH\index.php(67): CodeIgniter\CodeIgniter->run()
10 SYSTEMPATH\Commands\Server\rewrite.php(47): require_once('C:\\Users\\lenovo\\Documents\\mengoding\\applikasi-kasir\\public\\index.php')
INFO - 2023-06-21 16:56:00 --> Session: Class initialized using 'CodeIgniter\Session\Handlers\FileHandler' driver.
CRITICAL - 2023-06-21 16:56:00 --> Undefined property: stdClass::$supplier
in APPPATH\Views\admin\v_produk.php on line 88.
 1 APPPATH\Views\admin\v_produk.php(88): CodeIgniter\Debug\Exceptions->errorHandler(2, 'Undefined property: stdClass::$supplier', 'C:\\Users\\lenovo\\Documents\\mengoding\\applikasi-kasir\\app\\Views\\admin\\v_produk.php', 88)
 2 SYSTEMPATH\View\View.php(224): include('C:\\Users\\lenovo\\Documents\\mengoding\\applikasi-kasir\\app\\Views\\admin\\v_produk.php')
 3 SYSTEMPATH\View\View.php(227): CodeIgniter\View\View->CodeIgniter\View\{closure}()
 4 SYSTEMPATH\Common.php(1180): CodeIgniter\View\View->render('admin/v_produk', [], true)
 5 APPPATH\Controllers\Produk.php(22): view('admin/v_produk', [...])
 6 SYSTEMPATH\CodeIgniter.php(932): App\Controllers\Produk->index()
 7 SYSTEMPATH\CodeIgniter.php(497): CodeIgniter\CodeIgniter->runController(Object(App\Controllers\Produk))
 8 SYSTEMPATH\CodeIgniter.php(366): CodeIgniter\CodeIgniter->handleRequest(null, Object(Config\Cache), false)
 9 FCPATH\index.php(67): CodeIgniter\CodeIgniter->run()
10 SYSTEMPATH\Commands\Server\rewrite.php(47): require_once('C:\\Users\\lenovo\\Documents\\mengoding\\applikasi-kasir\\public\\index.php')
INFO - 2023-06-21 16:56:14 --> Session: Class initialized using 'CodeIgniter\Session\Handlers\FileHandler' driver.
CRITICAL - 2023-06-21 16:56:14 --> Undefined property: stdClass::$id_user
in APPPATH\Views\admin\v_produk.php on line 98.
 1 APPPATH\Views\admin\v_produk.php(98): CodeIgniter\Debug\Exceptions->errorHandler(2, 'Undefined property: stdClass::$id_user', 'C:\\Users\\lenovo\\Documents\\mengoding\\applikasi-kasir\\app\\Views\\admin\\v_produk.php', 98)
 2 SYSTEMPATH\View\View.php(224): include('C:\\Users\\lenovo\\Documents\\mengoding\\applikasi-kasir\\app\\Views\\admin\\v_produk.php')
 3 SYSTEMPATH\View\View.php(227): CodeIgniter\View\View->CodeIgniter\View\{closure}()
 4 SYSTEMPATH\Common.php(1180): CodeIgniter\View\View->render('admin/v_produk', [], true)
 5 APPPATH\Controllers\Produk.php(22): view('admin/v_produk', [...])
 6 SYSTEMPATH\CodeIgniter.php(932): App\Controllers\Produk->index()
 7 SYSTEMPATH\CodeIgniter.php(497): CodeIgniter\CodeIgniter->runController(Object(App\Controllers\Produk))
 8 SYSTEMPATH\CodeIgniter.php(366): CodeIgniter\CodeIgniter->handleRequest(null, Object(Config\Cache), false)
 9 FCPATH\index.php(67): CodeIgniter\CodeIgniter->run()
10 SYSTEMPATH\Commands\Server\rewrite.php(47): require_once('C:\\Users\\lenovo\\Documents\\mengoding\\applikasi-kasir\\public\\index.php')
INFO - 2023-06-21 16:56:56 --> Session: Class initialized using 'CodeIgniter\Session\Handlers\FileHandler' driver.
INFO - 2023-06-21 16:57:11 --> Session: Class initialized using 'CodeIgniter\Session\Handlers\FileHandler' driver.
INFO - 2023-06-21 16:58:06 --> Session: Class initialized using 'CodeIgniter\Session\Handlers\FileHandler' driver.
INFO - 2023-06-21 16:58:11 --> Session: Class initialized using 'CodeIgniter\Session\Handlers\FileHandler' driver.
INFO - 2023-06-21 16:58:16 --> Session: Class initialized using 'CodeIgniter\Session\Handlers\FileHandler' driver.
INFO - 2023-06-21 16:58:30 --> Session: Class initialized using 'CodeIgniter\Session\Handlers\FileHandler' driver.
INFO - 2023-06-21 16:58:42 --> Session: Class initialized using 'CodeIgniter\Session\Handlers\FileHandler' driver.
INFO - 2023-06-21 16:58:55 --> Session: Class initialized using 'CodeIgniter\Session\Handlers\FileHandler' driver.
INFO - 2023-06-21 16:59:06 --> Session: Class initialized using 'CodeIgniter\Session\Handlers\FileHandler' driver.
INFO - 2023-06-21 16:59:15 --> Session: Class initialized using 'CodeIgniter\Session\Handlers\FileHandler' driver.
INFO - 2023-06-21 16:59:24 --> Session: Class initialized using 'CodeIgniter\Session\Handlers\FileHandler' driver.
INFO - 2023-06-21 17:04:16 --> Session: Class initialized using 'CodeIgniter\Session\Handlers\FileHandler' driver.
CRITICAL - 2023-06-21 17:21:54 --> You must set the database table to be used with your query.
in SYSTEMPATH\Database\BaseConnection.php on line 883.
 1 SYSTEMPATH\Model.php(642): CodeIgniter\Database\BaseConnection->table(null)
 2 SYSTEMPATH\Model.php(828): CodeIgniter\Model->builder()
 3 APPPATH\Controllers\Produk.php(40): CodeIgniter\Model->__call('getDataSupplier', [])
 4 SYSTEMPATH\CodeIgniter.php(932): App\Controllers\Produk->ViewTambahProduk()
 5 SYSTEMPATH\CodeIgniter.php(497): CodeIgniter\CodeIgniter->runController(Object(App\Controllers\Produk))
 6 SYSTEMPATH\CodeIgniter.php(366): CodeIgniter\CodeIgniter->handleRequest(null, Object(Config\Cache), false)
 7 FCPATH\index.php(67): CodeIgniter\CodeIgniter->run()
 8 SYSTEMPATH\Commands\Server\rewrite.php(47): require_once('C:\\Users\\lenovo\\Documents\\mengoding\\applikasi-kasir\\public\\index.php')
INFO - 2023-06-21 17:22:58 --> Session: Class initialized using 'CodeIgniter\Session\Handlers\FileHandler' driver.
CRITICAL - 2023-06-21 17:22:58 --> Undefined variable $showData
in APPPATH\Views\admin\v_produk.php on line 66.
 1 APPPATH\Views\admin\v_produk.php(66): CodeIgniter\Debug\Exceptions->errorHandler(2, 'Undefined variable $showData', 'C:\\Users\\lenovo\\Documents\\mengoding\\applikasi-kasir\\app\\Views\\admin\\v_produk.php', 66)
 2 SYSTEMPATH\View\View.php(224): include('C:\\Users\\lenovo\\Documents\\mengoding\\applikasi-kasir\\app\\Views\\admin\\v_produk.php')
 3 SYSTEMPATH\View\View.php(227): CodeIgniter\View\View->CodeIgniter\View\{closure}()
 4 SYSTEMPATH\Common.php(1180): CodeIgniter\View\View->render('admin/v_produk', [], true)
 5 APPPATH\Controllers\Produk.php(49): view('admin/v_produk', [...])
 6 SYSTEMPATH\CodeIgniter.php(932): App\Controllers\Produk->ViewTambahProduk()
 7 SYSTEMPATH\CodeIgniter.php(497): CodeIgniter\CodeIgniter->runController(Object(App\Controllers\Produk))
 8 SYSTEMPATH\CodeIgniter.php(366): CodeIgniter\CodeIgniter->handleRequest(null, Object(Config\Cache), false)
 9 FCPATH\index.php(67): CodeIgniter\CodeIgniter->run()
10 SYSTEMPATH\Commands\Server\rewrite.php(47): require_once('C:\\Users\\lenovo\\Documents\\mengoding\\applikasi-kasir\\public\\index.php')
CRITICAL - 2023-06-21 17:35:01 --> Undefined variable $app
in APPPATH\Views\admin\v_addProduk.php on line 4.
 1 APPPATH\Views\admin\v_addProduk.php(4): CodeIgniter\Debug\Exceptions->errorHandler(2, 'Undefined variable $app', 'C:\\Users\\lenovo\\Documents\\mengoding\\applikasi-kasir\\app\\Views\\admin\\v_addProduk.php', 4)
 2 SYSTEMPATH\View\View.php(224): include('C:\\Users\\lenovo\\Documents\\mengoding\\applikasi-kasir\\app\\Views\\admin\\v_addProduk.php')
 3 SYSTEMPATH\View\View.php(227): CodeIgniter\View\View->CodeIgniter\View\{closure}()
 4 SYSTEMPATH\Common.php(1180): CodeIgniter\View\View->render('admin/v_addProduk', [], true)
 5 APPPATH\Controllers\Produk.php(49): view('admin/v_addProduk', [...])
 6 SYSTEMPATH\CodeIgniter.php(932): App\Controllers\Produk->ViewTambahProduk()
 7 SYSTEMPATH\CodeIgniter.php(497): CodeIgniter\CodeIgniter->runController(Object(App\Controllers\Produk))
 8 SYSTEMPATH\CodeIgniter.php(366): CodeIgniter\CodeIgniter->handleRequest(null, Object(Config\Cache), false)
 9 FCPATH\index.php(67): CodeIgniter\CodeIgniter->run()
10 SYSTEMPATH\Commands\Server\rewrite.php(47): require_once('C:\\Users\\lenovo\\Documents\\mengoding\\applikasi-kasir\\public\\index.php')
CRITICAL - 2023-06-21 17:39:03 --> Cannot use object of type stdClass as array
in APPPATH\Views\admin\v_addProduk.php on line 4.
 1 SYSTEMPATH\View\View.php(224): include()
 2 SYSTEMPATH\View\View.php(227): CodeIgniter\View\View->CodeIgniter\View\{closure}()
 3 SYSTEMPATH\Common.php(1180): CodeIgniter\View\View->render('admin/v_addProduk', [], true)
 4 APPPATH\Controllers\Produk.php(51): view('admin/v_addProduk', [...])
 5 SYSTEMPATH\CodeIgniter.php(932): App\Controllers\Produk->ViewTambahProduk()
 6 SYSTEMPATH\CodeIgniter.php(497): CodeIgniter\CodeIgniter->runController(Object(App\Controllers\Produk))
 7 SYSTEMPATH\CodeIgniter.php(366): CodeIgniter\CodeIgniter->handleRequest(null, Object(Config\Cache), false)
 8 FCPATH\index.php(67): CodeIgniter\CodeIgniter->run()
 9 SYSTEMPATH\Commands\Server\rewrite.php(47): require_once('C:\\Users\\lenovo\\Documents\\mengoding\\applikasi-kasir\\public\\index.php')
INFO - 2023-06-21 17:43:24 --> Session: Class initialized using 'CodeIgniter\Session\Handlers\FileHandler' driver.
CRITICAL - 2023-06-21 17:43:24 --> You must set the database table to be used with your query.
in SYSTEMPATH\Database\BaseConnection.php on line 883.
 1 SYSTEMPATH\Model.php(642): CodeIgniter\Database\BaseConnection->table(null)
 2 SYSTEMPATH\Model.php(828): CodeIgniter\Model->builder()
 3 APPPATH\Controllers\Produk.php(68): CodeIgniter\Model->__call('tambahProduk', [...])
 4 SYSTEMPATH\CodeIgniter.php(932): App\Controllers\Produk->tambahProduk()
 5 SYSTEMPATH\CodeIgniter.php(497): CodeIgniter\CodeIgniter->runController(Object(App\Controllers\Produk))
 6 SYSTEMPATH\CodeIgniter.php(366): CodeIgniter\CodeIgniter->handleRequest(null, Object(Config\Cache), false)
 7 FCPATH\index.php(67): CodeIgniter\CodeIgniter->run()
 8 SYSTEMPATH\Commands\Server\rewrite.php(47): require_once('C:\\Users\\lenovo\\Documents\\mengoding\\applikasi-kasir\\public\\index.php')
INFO - 2023-06-21 17:43:36 --> Session: Class initialized using 'CodeIgniter\Session\Handlers\FileHandler' driver.
INFO - 2023-06-21 17:43:42 --> Session: Class initialized using 'CodeIgniter\Session\Handlers\FileHandler' driver.
INFO - 2023-06-21 17:44:19 --> Session: Class initialized using 'CodeIgniter\Session\Handlers\FileHandler' driver.
CRITICAL - 2023-06-21 17:44:19 --> You must set the database table to be used with your query.
in SYSTEMPATH\Database\BaseConnection.php on line 883.
 1 SYSTEMPATH\Model.php(642): CodeIgniter\Database\BaseConnection->table(null)
 2 SYSTEMPATH\Model.php(828): CodeIgniter\Model->builder()
 3 APPPATH\Controllers\Produk.php(68): CodeIgniter\Model->__call('tambahProduk', [...])
 4 SYSTEMPATH\CodeIgniter.php(932): App\Controllers\Produk->tambahProduk()
 5 SYSTEMPATH\CodeIgniter.php(497): CodeIgniter\CodeIgniter->runController(Object(App\Controllers\Produk))
 6 SYSTEMPATH\CodeIgniter.php(366): CodeIgniter\CodeIgniter->handleRequest(null, Object(Config\Cache), false)
 7 FCPATH\index.php(67): CodeIgniter\CodeIgniter->run()
 8 SYSTEMPATH\Commands\Server\rewrite.php(47): require_once('C:\\Users\\lenovo\\Documents\\mengoding\\applikasi-kasir\\public\\index.php')
INFO - 2023-06-21 17:45:39 --> Session: Class initialized using 'CodeIgniter\Session\Handlers\FileHandler' driver.
INFO - 2023-06-21 17:45:39 --> Session: Class initialized using 'CodeIgniter\Session\Handlers\FileHandler' driver.
INFO - 2023-06-21 17:45:47 --> Session: Class initialized using 'CodeIgniter\Session\Handlers\FileHandler' driver.
INFO - 2023-06-21 17:48:11 --> Session: Class initialized using 'CodeIgniter\Session\Handlers\FileHandler' driver.
INFO - 2023-06-21 17:48:20 --> Session: Class initialized using 'CodeIgniter\Session\Handlers\FileHandler' driver.
INFO - 2023-06-21 17:48:28 --> Session: Class initialized using 'CodeIgniter\Session\Handlers\FileHandler' driver.
